<?xml version="1.0" encoding="UTF-8" ?>
<testsuite errors="2" failures="0" hostname="osboxes" name="fr.eni.ecole.tests.DaoTests" tests="2" time="0.33" timestamp="2019-04-10T17:13:06">
  <properties>
[...]
</properties>
  <testcase classname="fr.eni.ecole.tests.DaoTests" name="DAOUtilisateur_findByLogin_Test" time="0.075">
    <error type="java.lang.NullPointerException">java.lang.NullPointerException
	at fr.eni.ecole.DAL.Impl.UtilisateurDAO.findByLogin(UtilisateurDAO.java:148)
	at fr.eni.ecole.tests.DaoTests.DAOUtilisateur_findByLogin_Test(DaoTests.java:58)
	at java.base/jdk.internal.reflect.NativeMethodAccessorImpl.invoke0(Native Method)
	at java.base/jdk.internal.reflect.NativeMethodAccessorImpl.invoke(NativeMethodAccessorImpl.java:62)
	at java.base/jdk.internal.reflect.DelegatingMethodAccessorImpl.invoke(DelegatingMethodAccessorImpl.java:43)
</error>
  </testcase>
  <testcase classname="fr.eni.ecole.tests.DaoTests" name="DAOUtilisateur_Remove_Cascade_Test" time="0.003">
    <error type="java.lang.NullPointerException">java.lang.NullPointerException
	at fr.eni.ecole.DAL.Impl.ArticleVenduDAO.find(ArticleVenduDAO.java:97)
	at fr.eni.ecole.DAL.Impl.ArticleVenduDAO.find(ArticleVenduDAO.java:21)
	at fr.eni.ecole.tests.DaoTests.DAOUtilisateur_Remove_Cascade_Test(DaoTests.java:70)
	at java.base/jdk.internal.reflect.NativeMethodAccessorImpl.invoke0(Native Method)
	at java.base/jdk.internal.reflect.NativeMethodAccessorImpl.invoke(NativeMethodAccessorImpl.java:62)
	at java.base/jdk.internal.reflect.DelegatingMethodAccessorImpl.invoke(DelegatingMethodAccessorImpl.java:43)
</error>
  </testcase>
  <system-out><![CDATA[]]></system-out>
  <system-err><![CDATA[]]></system-err>
</testsuite>
